** Message: 08:31:46.911: environement.vala:58: Exporting primary_variable
** Message: 08:31:46.912: environement.vala:59: desktop_environnement XDG_CURRENT_DESKTOP
** Message: 08:31:46.912: environement.vala:150: confir_dirs is null, export : /etc/xdg
** Message: 08:31:46.912: environement.vala:184: Exporting XDG_CONFIG_DIRS
** Message: 08:31:46.912: environement.vala:218: custom_data :
** Message: 08:31:46.912: environement.vala:219: data_dirs :/usr/local/share:/usr/share/raspi-ui-overrides:/usr/share:/usr/share/gdm:/var/lib/menu-xdg
** Message: 08:31:46.912: environement.vala:220: data_dirs not null, export : /usr/local/share:/usr/share/raspi-ui-overrides:/usr/share:/usr/share/gdm:/var/lib/menu-xdg
** Message: 08:31:46.912: environement.vala:225: Exporting XDG_DATA_DIRS
** Message: 08:31:46.913: utils.vala:138: Config system location : /etc/xdg/lxsession/LXDE-pi
** Message: 08:31:46.913: utils.vala:144: System system path location : /etc/xdg/lxsession/LXDE-pi/desktop.conf
** Message: 08:31:46.913: utils.vala:148: Final file used : /etc/xdg/lxsession/LXDE-pi/desktop.conf
** Message: 08:31:46.914: utils.vala:39: Config system location : /etc/xdg/lxsession/LXDE-pi
** Message: 08:31:46.914: utils.vala:45: System system path location : /etc/xdg/lxsession/LXDE-pi/desktop.conf

** (lxsession:615): WARNING **: 08:31:46.917: utils.vala:70: No such file or directory
** Message: 08:31:46.918: settings.vala:540: Key file does not have key “iGtk/ColorScheme” in group “GTK”
** Message: 08:31:46.919: settings.vala:540: Key file does not have key “windows_manager/command” in group “Session”
** Message: 08:31:46.919: settings.vala:540: Key file does not have key “panel/command” in group “Session”
** Message: 08:31:46.919: settings.vala:540: Key file does not have key “dock/command” in group “Session”
** Message: 08:31:46.919: settings.vala:540: Key file does not have key “file_manager/command” in group “Session”
** Message: 08:31:46.919: settings.vala:540: Key file does not have key “desktop_manager/command” in group “Session”
** Message: 08:31:46.920: settings.vala:540: Key file does not have key “launcher_manager/autostart” in group “Session”
** Message: 08:31:46.920: settings.vala:540: Key file does not have key “composite_manager/command” in group “Session”
** Message: 08:31:46.920: settings.vala:540: Key file does not have key “im1/command” in group “Session”
** Message: 08:31:46.920: settings.vala:540: Key file does not have key “im2/command” in group “Session”
** Message: 08:31:46.921: settings.vala:540: Key file does not have key “widget1/command” in group “Session”
** Message: 08:31:46.921: settings.vala:540: Key file does not have key “notification/command” in group “Session”
** Message: 08:31:46.921: settings.vala:540: Key file does not have key “keybindings/command” in group “Session”
** Message: 08:31:46.921: settings.vala:540: Key file does not have key “im_manager/command” in group “Session”
** Message: 08:31:46.921: settings.vala:540: Key file does not have key “screensaver/command” in group “Session”
** Message: 08:31:46.921: settings.vala:540: Key file does not have key “power_manager/command” in group “Session”
** Message: 08:31:46.921: settings.vala:540: Key file does not have key “audio_manager/command” in group “Session”
** Message: 08:31:46.924: settings.vala:540: Key file does not have key “workspace_manager/command” in group “Session”
** Message: 08:31:46.924: settings.vala:540: Key file does not have key “screenshot_manager/command” in group “Session”
** Message: 08:31:46.925: settings.vala:540: Key file does not have key “message_manager/command” in group “Session”
** Message: 08:31:46.925: settings.vala:540: Key file does not have key “upgrade_manager/command” in group “Session”
** Message: 08:31:46.925: settings.vala:540: Key file does not have key “updates_manager/command” in group “Session”
** Message: 08:31:46.925: settings.vala:540: Key file does not have key “updates_manager/timeout” in group “Session”
** Message: 08:31:46.925: settings.vala:540: Key file does not have key “crash_manager/command” in group “Session”
** Message: 08:31:46.926: settings.vala:540: Key file does not have key “crash_manager/dev_mode” in group “Session”
** Message: 08:31:46.927: settings.vala:540: Key file does not have key “crash_manager/timeout” in group “Session”
** Message: 08:31:46.928: settings.vala:540: Key file does not have key “upstart_user_session” in group “Session”
** Message: 08:31:46.929: settings.vala:540: Key file does not have key “proxy_manager/http” in group “Session”
** Message: 08:31:46.929: settings.vala:540: Key file does not have key “a11y/command” in group “Session”
** Message: 08:31:46.929: settings.vala:540: Key file does not have key “xrandr/command” in group “Session”
** Message: 08:31:46.930: settings.vala:540: Key file does not have key “network_gui/command” in group “Session”
** Message: 08:31:46.930: settings.vala:540: Key file does not have key “webbrowser/command” in group “Session”
** Message: 08:31:46.931: settings.vala:540: Key file does not have key “email/command” in group “Session”
** Message: 08:31:46.931: settings.vala:540: Key file does not have key “pdf_reader/command” in group “Session”
** Message: 08:31:46.931: settings.vala:540: Key file does not have key “video_player/command” in group “Session”
** Message: 08:31:46.931: settings.vala:540: Key file does not have key “audio_player/command” in group “Session”
** Message: 08:31:46.931: settings.vala:540: Key file does not have key “images_display/command” in group “Session”
** Message: 08:31:46.931: settings.vala:540: Key file does not have key “text_editor/command” in group “Session”
** Message: 08:31:46.931: settings.vala:540: Key file does not have key “archive/command” in group “Session”
** Message: 08:31:46.931: settings.vala:540: Key file does not have key “charmap/command” in group “Session”
** Message: 08:31:46.932: settings.vala:540: Key file does not have key “calculator/command” in group “Session”
** Message: 08:31:46.932: settings.vala:540: Key file does not have key “spreadsheet/command” in group “Session”
** Message: 08:31:46.932: settings.vala:540: Key file does not have key “bittorent/command” in group “Session”
** Message: 08:31:46.934: settings.vala:540: Key file does not have key “document/command” in group “Session”
** Message: 08:31:46.934: settings.vala:540: Key file does not have key “webcam/command” in group “Session”
** Message: 08:31:46.934: settings.vala:540: Key file does not have key “burn/command” in group “Session”
** Message: 08:31:46.934: settings.vala:540: Key file does not have key “notes/command” in group “Session”
** Message: 08:31:46.934: settings.vala:540: Key file does not have key “disk_utility/command” in group “Session”
** Message: 08:31:46.935: settings.vala:540: Key file does not have key “tasks/command” in group “Session”
** Message: 08:31:46.935: settings.vala:540: Key file does not have group “Keymap”
** Message: 08:31:46.935: settings.vala:540: Key file does not have key “laptop_mode” in group “State”
** Message: 08:31:46.935: settings.vala:540: Key file does not have key “gnome” in group “Dbus”
** Message: 08:31:46.935: settings.vala:540: Key file does not have key “type” in group “Environment”
** Message: 08:31:46.935: settings.vala:540: Key file does not have key “ubuntu_menuproxy” in group “Environment”
** Message: 08:31:46.936: settings.vala:540: Key file does not have key “toolkit_integration” in group “Environment”
** Message: 08:31:46.936: settings.vala:540: Key file does not have key “gtk/overlay_scrollbar_disable” in group “Environment”
** Message: 08:31:46.936: settings.vala:540: Key file does not have key “qt/force_theme” in group “Environment”
** Message: 08:31:46.936: settings.vala:540: Key file does not have key “qt/platform” in group “Environment”
** Message: 08:31:46.938: settings.vala:462: Monitoring: /etc/xdg/lxsession/LXDE-pi/desktop.conf
** Message: 08:31:46.938: settings.vala:470: Desktop file is not in config home, monitoring creation of it
** Message: 08:31:46.938: settings.vala:485: Monitoring home path: /home/pi/.config/lxsession/LXDE-pi/desktop.conf
** Message: 08:31:46.939: environement.vala:79: Exporting variable
** Message: 08:31:46.939: environement.vala:80: desktop_environnement XDG_CURRENT_DESKTOP
** Message: 08:31:46.939: environement.vala:177: custom_config :
** Message: 08:31:46.939: environement.vala:178: config_dirs :/etc/xdg
** Message: 08:31:46.939: environement.vala:179: confir_dirs not null, export : /etc/xdg
** Message: 08:31:46.939: environement.vala:184: Exporting XDG_CONFIG_DIRS
** Message: 08:31:46.940: environement.vala:218: custom_data :
** Message: 08:31:46.940: environement.vala:219: data_dirs :/usr/local/share:/usr/share/raspi-ui-overrides:/usr/share:/usr/share/gdm:/var/lib/menu-xdg
** Message: 08:31:46.940: environement.vala:220: data_dirs not null, export : /usr/local/share:/usr/share/raspi-ui-overrides:/usr/share:/usr/share/gdm:/var/lib/menu-xdg
** Message: 08:31:46.940: environement.vala:225: Exporting XDG_DATA_DIRS
** Message: 08:31:46.940: utils.vala:39: Config system location : /etc/xdg/lxsession/LXDE-pi
** Message: 08:31:46.940: utils.vala:45: System system path location : /etc/xdg/lxsession/LXDE-pi/desktop.conf

** (lxsession:615): WARNING **: 08:31:46.941: utils.vala:70: No such file or directory
** Message: 08:31:46.941: environement.vala:254: No entry in [Environment_variable]. Key file does not have group “Environment_variable”
** Message: 08:31:46.949: utils.vala:138: Config system location : /etc/xdg/lxsession/LXDE-pi
** Message: 08:31:46.949: utils.vala:144: System system path location : /etc/xdg/lxsession/LXDE-pi/conffiles.conf
** Message: 08:31:46.950: utils.vala:148: Final file used : /etc/xdg/lxsession/LXDE-pi/conffiles.conf
** Message: 08:31:46.950: options.vala:164: Activate xsettings_manager build-in
** Message: 08:31:46.950: utils.vala:39: Config system location : /etc/xdg/lxsession/LXDE-pi
** Message: 08:31:46.950: utils.vala:45: System system path location : /etc/xdg/lxsession/LXDE-pi/desktop.conf

** (lxsession:615): WARNING **: 08:31:46.951: utils.vala:70: No such file or directory
xprop:  no such property "_NET_NUMBER_OF_DESKTOPS"
xprop:  no such property "_NET_DESKTOP_NAMES"
** Message: 08:31:46.982: app.vala:721: polkit separate
** Message: 08:31:46.982: app.vala:721: polkit separate
** Message: 08:31:46.991: app.vala:76: Launching lxpolkit 
** Message: 08:31:46.992: utils.vala:138: Config system location : /etc/xdg/lxsession/LXDE-pi
** Message: 08:31:46.992: utils.vala:144: System system path location : /etc/xdg/lxsession/LXDE-pi/autostart
** Message: 08:31:46.992: utils.vala:148: Final file used : /etc/xdg/lxsession/LXDE-pi/autostart
** Message: 08:31:46.992: autostart.vala:42: Autostart path : /etc/xdg/lxsession/LXDE-pi/autostart
** Message: 08:31:47.018: app.vala:76: Launching lxpanel 
** Message: 08:31:47.035: app.vala:76: Launching pcmanfm 

** (lxsession:615): WARNING **: 08:31:47.046: app.vala:86: Failed to execute child process “xscreensaver” (No such file or directory)

** (lxsession:615): WARNING **: 08:31:47.047: app.vala:87: Error when launching xscreensaver
** Message: 08:31:47.062: options.vala:107: Create build-in Clipboard
** Message: 08:31:47.066: main.vala:441: Check keymap_mode (null)
** Message: 08:31:47.074: app.vala:76: Launching /usr/bin/ssh-agent 
SSH_AUTH_SOCK=/tmp/ssh-PUsJxX0IuW32/agent.690; export SSH_AUTH_SOCK;
SSH_AGENT_PID=694; export SSH_AGENT_PID;
echo Agent pid 694;
** Message: 08:31:47.261: app.vala:130: /usr/bin/ssh-agent exit with this type of exit: 0
** Message: 08:31:47.413: x-terminal-emulator has very limited support, consider choose another terminal
** Message: 08:31:47.442: x-terminal-emulator has very limited support, consider choose another terminal
grep: /home/pi/.config/lxpanel/LXDE-pi/panels/*: No such file or directory
Openbox-Message: Unable to find a valid menu file "/usr/share/lxde/openbox/menu.xml"
** Message: 08:31:49.871: Connecting ...
** Message: 08:31:49.871: Status changed to down
xrandr: Failed to get size of gamma for output default
Unit pt-device-manager.service could not be found.

** (lxpanel:685): WARNING **: 08:31:50.182: Battery 0 not found

(lxpanel:685): Gtk-CRITICAL **: 08:31:50.840: IA__gtk_image_set_from_pixbuf: assertion 'GTK_IS_IMAGE (image)' failed
** Message: 08:31:50.895: Status changed to opened
** Message: 08:31:50.895: Connected to dhcpcd-8.1.2
** Message: 08:31:50.899: Status changed to disconnected
** Message: 08:31:50.900: eth0: Link is down
** Message: 08:31:50.900: wlan0: Not associated
** Message: 08:31:50.908: wlan0: WPA status connected
** Message: 08:31:50.909: wlan0: Received scan results
xrandr: Failed to get size of gamma for output default
xrandr: Failed to get size of gamma for output default

(lxpanel:685): Gtk-CRITICAL **: 08:38:51.770: IA__gtk_image_set_from_pixbuf: assertion 'GTK_IS_IMAGE (image)' failed
grep: /home/pi/.config/gtk-3.0/gtk.css: No such file or directory

(lxpanel:685): Gtk-CRITICAL **: 08:39:15.418: IA__gtk_image_set_from_pixbuf: assertion 'GTK_IS_IMAGE (image)' failed
Openbox-Message: Unable to find a valid menu file "/usr/share/lxde/openbox/menu.xml"
** Message: 08:39:19.033: settings.vala:515: Desktop file created in home directory, switch configuration to it
** Message: 08:39:19.033: options.vala:186: Reload xsettings_manager build-in
** Message: 08:39:19.033: utils.vala:39: Config system location : /etc/xdg/lxsession/LXDE-pi
** Message: 08:39:19.033: utils.vala:45: System system path location : /etc/xdg/lxsession/LXDE-pi/desktop.conf
** Message: 08:39:19.045: settings.vala:503: Reload the xsettings option
** Message: 08:39:19.045: settings.vala:462: Monitoring: /home/pi/.config/lxsession/LXDE-pi/desktop.conf
** Message: 08:39:19.046: settings.vala:466: Desktop file is already in config home, do nothing
** Message: 08:39:19.046: settings.vala:515: Desktop file created in home directory, switch configuration to it
** Message: 08:39:19.046: options.vala:186: Reload xsettings_manager build-in
** Message: 08:39:19.046: utils.vala:39: Config system location : /etc/xdg/lxsession/LXDE-pi
** Message: 08:39:19.046: utils.vala:45: System system path location : /etc/xdg/lxsession/LXDE-pi/desktop.conf
** Message: 08:39:19.066: settings.vala:503: Reload the xsettings option
** Message: 08:39:19.066: settings.vala:462: Monitoring: /home/pi/.config/lxsession/LXDE-pi/desktop.conf
** Message: 08:39:19.066: settings.vala:466: Desktop file is already in config home, do nothing
** Message: 08:39:21.318: settings.vala:515: Desktop file created in home directory, switch configuration to it
** Message: 08:39:21.318: options.vala:186: Reload xsettings_manager build-in
** Message: 08:39:21.319: utils.vala:39: Config system location : /etc/xdg/lxsession/LXDE-pi
** Message: 08:39:21.319: utils.vala:45: System system path location : /etc/xdg/lxsession/LXDE-pi/desktop.conf
** Message: 08:39:21.331: settings.vala:503: Reload the xsettings option
** Message: 08:39:21.332: settings.vala:462: Monitoring: /home/pi/.config/lxsession/LXDE-pi/desktop.conf
** Message: 08:39:21.332: settings.vala:466: Desktop file is already in config home, do nothing
** Message: 08:39:21.332: settings.vala:515: Desktop file created in home directory, switch configuration to it
** Message: 08:39:21.332: options.vala:186: Reload xsettings_manager build-in
** Message: 08:39:21.332: utils.vala:39: Config system location : /etc/xdg/lxsession/LXDE-pi
** Message: 08:39:21.333: utils.vala:45: System system path location : /etc/xdg/lxsession/LXDE-pi/desktop.conf
** Message: 08:39:21.347: settings.vala:503: Reload the xsettings option
** Message: 08:39:21.348: settings.vala:462: Monitoring: /home/pi/.config/lxsession/LXDE-pi/desktop.conf
** Message: 08:39:21.348: settings.vala:466: Desktop file is already in config home, do nothing
** Message: 08:39:21.348: settings.vala:515: Desktop file created in home directory, switch configuration to it
** Message: 08:39:21.349: options.vala:186: Reload xsettings_manager build-in
** Message: 08:39:21.349: utils.vala:39: Config system location : /etc/xdg/lxsession/LXDE-pi
** Message: 08:39:21.349: utils.vala:45: System system path location : /etc/xdg/lxsession/LXDE-pi/desktop.conf
** Message: 08:39:21.369: settings.vala:503: Reload the xsettings option
** Message: 08:39:21.370: settings.vala:462: Monitoring: /home/pi/.config/lxsession/LXDE-pi/desktop.conf
** Message: 08:39:21.370: settings.vala:466: Desktop file is already in config home, do nothing

(lxpanel:685): Gtk-CRITICAL **: 08:39:21.680: IA__gtk_image_set_from_pixbuf: assertion 'GTK_IS_IMAGE (image)' failed
Openbox-Message: Unable to find a valid menu file "/usr/share/lxde/openbox/menu.xml"
** Message: 08:39:27.393: settings.vala:509: Desktop file change, reloading XSettings daemon
** Message: 08:39:27.393: options.vala:186: Reload xsettings_manager build-in
** Message: 08:39:27.393: utils.vala:39: Config system location : /etc/xdg/lxsession/LXDE-pi
** Message: 08:39:27.393: utils.vala:45: System system path location : /etc/xdg/lxsession/LXDE-pi/desktop.conf
** Message: 08:39:27.406: settings.vala:503: Reload the xsettings option
** Message: 08:39:27.407: settings.vala:509: Desktop file change, reloading XSettings daemon
** Message: 08:39:27.407: options.vala:186: Reload xsettings_manager build-in
** Message: 08:39:27.407: utils.vala:39: Config system location : /etc/xdg/lxsession/LXDE-pi
** Message: 08:39:27.407: utils.vala:45: System system path location : /etc/xdg/lxsession/LXDE-pi/desktop.conf
** Message: 08:39:27.426: settings.vala:503: Reload the xsettings option
** Message: 08:39:27.426: settings.vala:509: Desktop file change, reloading XSettings daemon
** Message: 08:39:27.426: options.vala:186: Reload xsettings_manager build-in
** Message: 08:39:27.427: utils.vala:39: Config system location : /etc/xdg/lxsession/LXDE-pi
** Message: 08:39:27.427: utils.vala:45: System system path location : /etc/xdg/lxsession/LXDE-pi/desktop.conf
** Message: 08:39:27.470: settings.vala:503: Reload the xsettings option
** Message: 08:39:27.472: settings.vala:515: Desktop file created in home directory, switch configuration to it
** Message: 08:39:27.472: options.vala:186: Reload xsettings_manager build-in
** Message: 08:39:27.472: utils.vala:39: Config system location : /etc/xdg/lxsession/LXDE-pi
** Message: 08:39:27.472: utils.vala:45: System system path location : /etc/xdg/lxsession/LXDE-pi/desktop.conf
** Message: 08:39:27.537: settings.vala:503: Reload the xsettings option
** Message: 08:39:27.537: settings.vala:462: Monitoring: /home/pi/.config/lxsession/LXDE-pi/desktop.conf
** Message: 08:39:27.538: settings.vala:466: Desktop file is already in config home, do nothing
** Message: 08:39:27.538: settings.vala:515: Desktop file created in home directory, switch configuration to it
** Message: 08:39:27.538: options.vala:186: Reload xsettings_manager build-in
** Message: 08:39:27.538: utils.vala:39: Config system location : /etc/xdg/lxsession/LXDE-pi
** Message: 08:39:27.538: utils.vala:45: System system path location : /etc/xdg/lxsession/LXDE-pi/desktop.conf
** Message: 08:39:27.590: settings.vala:503: Reload the xsettings option
** Message: 08:39:27.591: settings.vala:462: Monitoring: /home/pi/.config/lxsession/LXDE-pi/desktop.conf
** Message: 08:39:27.591: settings.vala:466: Desktop file is already in config home, do nothing
** Message: 08:39:27.591: settings.vala:515: Desktop file created in home directory, switch configuration to it
** Message: 08:39:27.591: options.vala:186: Reload xsettings_manager build-in
** Message: 08:39:27.591: utils.vala:39: Config system location : /etc/xdg/lxsession/LXDE-pi
** Message: 08:39:27.591: utils.vala:45: System system path location : /etc/xdg/lxsession/LXDE-pi/desktop.conf
** Message: 08:39:27.634: settings.vala:503: Reload the xsettings option
** Message: 08:39:27.634: settings.vala:462: Monitoring: /home/pi/.config/lxsession/LXDE-pi/desktop.conf
** Message: 08:39:27.635: settings.vala:466: Desktop file is already in config home, do nothing

(lxpanel:685): Gtk-CRITICAL **: 08:39:28.088: IA__gtk_image_set_from_pixbuf: assertion 'GTK_IS_IMAGE (image)' failed
Openbox-Message: Unable to find a valid menu file "/usr/share/lxde/openbox/menu.xml"
** Message: 08:39:35.384: settings.vala:515: Desktop file created in home directory, switch configuration to it
** Message: 08:39:35.385: options.vala:186: Reload xsettings_manager build-in
** Message: 08:39:35.385: utils.vala:39: Config system location : /etc/xdg/lxsession/LXDE-pi
** Message: 08:39:35.385: utils.vala:45: System system path location : /etc/xdg/lxsession/LXDE-pi/desktop.conf
** Message: 08:39:35.398: settings.vala:503: Reload the xsettings option
** Message: 08:39:35.399: settings.vala:462: Monitoring: /home/pi/.config/lxsession/LXDE-pi/desktop.conf
** Message: 08:39:35.400: settings.vala:466: Desktop file is already in config home, do nothing
** Message: 08:39:35.400: settings.vala:515: Desktop file created in home directory, switch configuration to it
** Message: 08:39:35.400: options.vala:186: Reload xsettings_manager build-in
** Message: 08:39:35.400: utils.vala:39: Config system location : /etc/xdg/lxsession/LXDE-pi
** Message: 08:39:35.400: utils.vala:45: System system path location : /etc/xdg/lxsession/LXDE-pi/desktop.conf
** Message: 08:39:35.429: settings.vala:503: Reload the xsettings option
** Message: 08:39:35.429: settings.vala:462: Monitoring: /home/pi/.config/lxsession/LXDE-pi/desktop.conf
** Message: 08:39:35.430: settings.vala:466: Desktop file is already in config home, do nothing
** Message: 08:39:35.430: settings.vala:515: Desktop file created in home directory, switch configuration to it
** Message: 08:39:35.430: options.vala:186: Reload xsettings_manager build-in
** Message: 08:39:35.430: utils.vala:39: Config system location : /etc/xdg/lxsession/LXDE-pi
** Message: 08:39:35.430: utils.vala:45: System system path location : /etc/xdg/lxsession/LXDE-pi/desktop.conf
** Message: 08:39:35.448: settings.vala:503: Reload the xsettings option
** Message: 08:39:35.449: settings.vala:462: Monitoring: /home/pi/.config/lxsession/LXDE-pi/desktop.conf
** Message: 08:39:35.449: settings.vala:466: Desktop file is already in config home, do nothing

(lxpanel:685): Gtk-CRITICAL **: 08:39:35.903: IA__gtk_image_set_from_pixbuf: assertion 'GTK_IS_IMAGE (image)' failed
Openbox-Message: Unable to find a valid menu file "/usr/share/lxde/openbox/menu.xml"
** Message: 08:39:38.496: settings.vala:515: Desktop file created in home directory, switch configuration to it
** Message: 08:39:38.496: options.vala:186: Reload xsettings_manager build-in
** Message: 08:39:38.497: utils.vala:39: Config system location : /etc/xdg/lxsession/LXDE-pi
** Message: 08:39:38.497: utils.vala:45: System system path location : /etc/xdg/lxsession/LXDE-pi/desktop.conf

** (lxsession:615): WARNING **: 08:39:38.497: utils.vala:70: No such file or directory
** Message: 08:39:38.510: settings.vala:503: Reload the xsettings option
** Message: 08:39:38.511: settings.vala:462: Monitoring: /home/pi/.config/lxsession/LXDE-pi/desktop.conf
** Message: 08:39:38.511: settings.vala:466: Desktop file is already in config home, do nothing

(lxpanel:685): Gtk-CRITICAL **: 08:39:39.007: IA__gtk_image_set_from_pixbuf: assertion 'GTK_IS_IMAGE (image)' failed
Openbox-Message: Unable to find a valid menu file "/usr/share/lxde/openbox/menu.xml"
xrandr: Failed to get size of gamma for output default
xrandr: Failed to get size of gamma for output default
grep: /home/pi/.config/gtk-3.0/gtk.css: No such file or directory
** Message: 08:39:54.666: settings.vala:509: Desktop file change, reloading XSettings daemon
** Message: 08:39:54.666: options.vala:186: Reload xsettings_manager build-in
** Message: 08:39:54.666: utils.vala:39: Config system location : /etc/xdg/lxsession/LXDE-pi
** Message: 08:39:54.666: utils.vala:45: System system path location : /etc/xdg/lxsession/LXDE-pi/desktop.conf
** Message: 08:39:54.680: settings.vala:503: Reload the xsettings option
** Message: 08:39:54.681: settings.vala:509: Desktop file change, reloading XSettings daemon
** Message: 08:39:54.681: options.vala:186: Reload xsettings_manager build-in
** Message: 08:39:54.681: utils.vala:39: Config system location : /etc/xdg/lxsession/LXDE-pi
** Message: 08:39:54.681: utils.vala:45: System system path location : /etc/xdg/lxsession/LXDE-pi/desktop.conf
** Message: 08:39:54.705: settings.vala:503: Reload the xsettings option
** Message: 08:39:54.705: settings.vala:509: Desktop file change, reloading XSettings daemon
** Message: 08:39:54.705: options.vala:186: Reload xsettings_manager build-in
** Message: 08:39:54.705: utils.vala:39: Config system location : /etc/xdg/lxsession/LXDE-pi
** Message: 08:39:54.705: utils.vala:45: System system path location : /etc/xdg/lxsession/LXDE-pi/desktop.conf
** Message: 08:39:54.732: settings.vala:503: Reload the xsettings option
** Message: 08:39:54.733: settings.vala:515: Desktop file created in home directory, switch configuration to it
** Message: 08:39:54.733: options.vala:186: Reload xsettings_manager build-in
** Message: 08:39:54.734: utils.vala:39: Config system location : /etc/xdg/lxsession/LXDE-pi
** Message: 08:39:54.734: utils.vala:45: System system path location : /etc/xdg/lxsession/LXDE-pi/desktop.conf
** Message: 08:39:54.766: settings.vala:503: Reload the xsettings option
** Message: 08:39:54.766: settings.vala:462: Monitoring: /home/pi/.config/lxsession/LXDE-pi/desktop.conf
** Message: 08:39:54.767: settings.vala:466: Desktop file is already in config home, do nothing
** Message: 08:39:54.767: settings.vala:515: Desktop file created in home directory, switch configuration to it
** Message: 08:39:54.767: options.vala:186: Reload xsettings_manager build-in
** Message: 08:39:54.767: utils.vala:39: Config system location : /etc/xdg/lxsession/LXDE-pi
** Message: 08:39:54.767: utils.vala:45: System system path location : /etc/xdg/lxsession/LXDE-pi/desktop.conf
** Message: 08:39:54.837: settings.vala:503: Reload the xsettings option
** Message: 08:39:54.838: settings.vala:462: Monitoring: /home/pi/.config/lxsession/LXDE-pi/desktop.conf
** Message: 08:39:54.838: settings.vala:466: Desktop file is already in config home, do nothing
** Message: 08:39:54.838: settings.vala:515: Desktop file created in home directory, switch configuration to it
** Message: 08:39:54.838: options.vala:186: Reload xsettings_manager build-in
** Message: 08:39:54.838: utils.vala:39: Config system location : /etc/xdg/lxsession/LXDE-pi
** Message: 08:39:54.839: utils.vala:45: System system path location : /etc/xdg/lxsession/LXDE-pi/desktop.conf
** Message: 08:39:54.878: settings.vala:503: Reload the xsettings option
** Message: 08:39:54.879: settings.vala:462: Monitoring: /home/pi/.config/lxsession/LXDE-pi/desktop.conf
** Message: 08:39:54.879: settings.vala:466: Desktop file is already in config home, do nothing

(lxpanel:685): Gtk-CRITICAL **: 08:39:55.335: IA__gtk_image_set_from_pixbuf: assertion 'GTK_IS_IMAGE (image)' failed
Openbox-Message: Unable to find a valid menu file "/usr/share/lxde/openbox/menu.xml"

(lxpanel:685): Gtk-CRITICAL **: 08:39:58.787: IA__gtk_image_set_from_pixbuf: assertion 'GTK_IS_IMAGE (image)' failed

(lxpanel:685): Gtk-CRITICAL **: 08:40:01.575: IA__gtk_image_set_from_pixbuf: assertion 'GTK_IS_IMAGE (image)' failed

(lxpanel:685): Gtk-CRITICAL **: 08:40:03.964: IA__gtk_image_set_from_pixbuf: assertion 'GTK_IS_IMAGE (image)' failed

(lxpanel:685): Gtk-CRITICAL **: 08:40:06.619: IA__gtk_image_set_from_pixbuf: assertion 'GTK_IS_IMAGE (image)' failed

(lxpanel:685): Gtk-CRITICAL **: 08:40:12.766: IA__gtk_image_set_from_pixbuf: assertion 'GTK_IS_IMAGE (image)' failed

(lxpanel:685): Gtk-CRITICAL **: 08:40:14.817: IA__gtk_image_set_from_pixbuf: assertion 'GTK_IS_IMAGE (image)' failed
XIO:  fatal IO error 11 (Resource temporarily unavailable) on X server ":0"
      after 79703 requests (79703 known processed) with 0 events remaining.
